# JRE version: Java(TM) SE Runtime Environment (16.0.2+7) (build 16.0.2+7-67)
# Java VM: Java HotSpot(TM) 64-Bit Server VM (16.0.2+7-67, mixed mode, sharing, tiered, compressed oops, compressed class ptrs, g1 gc, windows-amd64)
GC Precious Log:
 CPUs: 16 total, 16 available
 Memory: 32668M
 Large Page Support: Disabled
 NUMA Support: Disabled
 Compressed Oops: Enabled (Zero based)
 Heap Region Size: 4M
 Heap Min Capacity: 8M
 Heap Initial Capacity: 512M
 Heap Max Capacity: 8168M
 Pre-touch: Disabled
 Parallel Workers: 13
 Concurrent Workers: 3
 Concurrent Refinement Workers: 13
 Periodic GC: Disabled
Heap:
 garbage-first heap   total 1572864K, used 382801K [0x0000000601800000, 0x0000000800000000)
  region size 4096K, 19 young (77824K), 3 survivors (12288K)
 Metaspace       used 233K, committed 448K, reserved 1056768K
  class space    used 8K, committed 128K, reserved 1048576K
GC Heap History (17 events):
Event: 0.060 GC heap before
{Heap before GC invocations=0 (full 0):
 garbage-first heap   total 524288K, used 24576K [0x0000000601800000, 0x0000000800000000)
  region size 4096K, 6 young (24576K), 0 survivors (0K)
 Metaspace       used 233K, committed 448K, reserved 1056768K
  class space    used 8K, committed 128K, reserved 1048576K
}
Event: 0.101 GC heap after
{Heap after GC invocations=1 (full 0):
 garbage-first heap   total 524288K, used 19756K [0x0000000601800000, 0x0000000800000000)
  region size 4096K, 1 young (4096K), 1 survivors (4096K)
 Metaspace       used 233K, committed 448K, reserved 1056768K
  class space    used 8K, committed 128K, reserved 1048576K
}
Event: 0.111 GC heap before
{Heap before GC invocations=1 (full 0):
 garbage-first heap   total 524288K, used 40236K [0x0000000601800000, 0x0000000800000000)
  region size 4096K, 6 young (24576K), 1 survivors (4096K)
 Metaspace       used 233K, committed 448K, reserved 1056768K
  class space    used 8K, committed 128K, reserved 1048576K
}
Event: 0.159 GC heap after
{Heap after GC invocations=2 (full 0):
 garbage-first heap   total 524288K, used 39442K [0x0000000601800000, 0x0000000800000000)
  region size 4096K, 1 young (4096K), 1 survivors (4096K)
 Metaspace       used 233K, committed 448K, reserved 1056768K
  class space    used 8K, committed 128K, reserved 1048576K
}
Event: 0.169 GC heap before
{Heap before GC invocations=2 (full 0):
 garbage-first heap   total 524288K, used 59922K [0x0000000601800000, 0x0000000800000000)
  region size 4096K, 6 young (24576K), 1 survivors (4096K)
 Metaspace       used 233K, committed 448K, reserved 1056768K
  class space    used 8K, committed 128K, reserved 1048576K
}
Event: 0.217 GC heap after
{Heap after GC invocations=3 (full 0):
 garbage-first heap   total 524288K, used 60009K [0x0000000601800000, 0x0000000800000000)
  region size 4096K, 1 young (4096K), 1 survivors (4096K)
 Metaspace       used 233K, committed 448K, reserved 1056768K
  class space    used 8K, committed 128K, reserved 1048576K
}
Event: 0.230 GC heap before
{Heap before GC invocations=3 (full 0):
 garbage-first heap   total 524288K, used 80489K [0x0000000601800000, 0x0000000800000000)
  region size 4096K, 6 young (24576K), 1 survivors (4096K)
 Metaspace       used 233K, committed 448K, reserved 1056768K
  class space    used 8K, committed 128K, reserved 1048576K
}
Event: 0.281 GC heap after
{Heap after GC invocations=4 (full 0):
 garbage-first heap   total 524288K, used 79960K [0x0000000601800000, 0x0000000800000000)
  region size 4096K, 1 young (4096K), 1 survivors (4096K)
 Metaspace       used 233K, committed 448K, reserved 1056768K
  class space    used 8K, committed 128K, reserved 1048576K
}
Event: 0.293 GC heap before
{Heap before GC invocations=4 (full 0):
 garbage-first heap   total 524288K, used 104536K [0x0000000601800000, 0x0000000800000000)
  region size 4096K, 7 young (28672K), 1 survivors (4096K)
 Metaspace       used 233K, committed 448K, reserved 1056768K
  class space    used 8K, committed 128K, reserved 1048576K
}
Event: 0.360 GC heap after
{Heap after GC invocations=5 (full 0):
 garbage-first heap   total 1572864K, used 105778K [0x0000000601800000, 0x0000000800000000)
  region size 4096K, 1 young (4096K), 1 survivors (4096K)
 Metaspace       used 233K, committed 448K, reserved 1056768K
  class space    used 8K, committed 128K, reserved 1048576K
}
Event: 0.395 GC heap before
{Heap before GC invocations=5 (full 0):
 garbage-first heap   total 1572864K, used 179506K [0x0000000601800000, 0x0000000800000000)
  region size 4096K, 19 young (77824K), 1 survivors (4096K)
 Metaspace       used 233K, committed 448K, reserved 1056768K
  class space    used 8K, committed 128K, reserved 1048576K
}
Event: 0.572 GC heap after
{Heap after GC invocations=6 (full 0):
 garbage-first heap   total 1572864K, used 179851K [0x0000000601800000, 0x0000000800000000)
  region size 4096K, 3 young (12288K), 3 survivors (12288K)
 Metaspace       used 233K, committed 448K, reserved 1056768K
  class space    used 8K, committed 128K, reserved 1048576K
}
Event: 0.590 GC heap before
{Heap before GC invocations=6 (full 0):
 garbage-first heap   total 1572864K, used 245387K [0x0000000601800000, 0x0000000800000000)
  region size 4096K, 19 young (77824K), 3 survivors (12288K)
 Metaspace       used 233K, committed 448K, reserved 1056768K
  class space    used 8K, committed 128K, reserved 1048576K
}
Event: 0.752 GC heap after
{Heap after GC invocations=7 (full 0):
 garbage-first heap   total 1572864K, used 247390K [0x0000000601800000, 0x0000000800000000)
  region size 4096K, 3 young (12288K), 3 survivors (12288K)
 Metaspace       used 233K, committed 448K, reserved 1056768K
  class space    used 8K, committed 128K, reserved 1048576K
}
Event: 0.770 GC heap before
{Heap before GC invocations=7 (full 0):
 garbage-first heap   total 1572864K, used 312926K [0x0000000601800000, 0x0000000800000000)
  region size 4096K, 19 young (77824K), 3 survivors (12288K)
 Metaspace       used 233K, committed 448K, reserved 1056768K
  class space    used 8K, committed 128K, reserved 1048576K
}
Event: 0.941 GC heap after
{Heap after GC invocations=8 (full 0):
 garbage-first heap   total 1572864K, used 317265K [0x0000000601800000, 0x0000000800000000)
  region size 4096K, 3 young (12288K), 3 survivors (12288K)
 Metaspace       used 233K, committed 448K, reserved 1056768K
  class space    used 8K, committed 128K, reserved 1048576K
}
Event: 0.959 GC heap before
{Heap before GC invocations=8 (full 0):
 garbage-first heap   total 1572864K, used 382801K [0x0000000601800000, 0x0000000800000000)
  region size 4096K, 19 young (77824K), 3 survivors (12288K)
 Metaspace       used 233K, committed 448K, reserved 1056768K
  class space    used 8K, committed 128K, reserved 1048576K
}

